tv/build/outputs/logs/manifest-merger-release-report.txt
-- Merging decision tree log ---
manifest
ADDED from src/main/AndroidManifest.xml:2:1-310:12
	xmlns:android
		ADDED from src/main/AndroidManifest.xml:2:11-69
	package
		ADDED from src/main/AndroidManifest.xml:3:5-29
		INJECTED from src/main/AndroidManifest.xml
		INJECTED from src/main/AndroidManifest.xml
	android:versionName
		ADDED from src/main/AndroidManifest.xml:5:5-48
	android:versionCode
		ADDED from src/main/AndroidManifest.xml:4:5-29
		INJECTED from src/main/AndroidManifest.xml
		INJECTED from src/main/AndroidManifest.xml
uses-sdk
ADDED from src/main/AndroidManifest.xml:7:5-9:41
MERGED from [recotv:recoTvFrame:unspecified] AndroidManifest.xml:7:5-9:41
	android:targetSdkVersion
		ADDED from src/main/AndroidManifest.xml:9:9-38
		INJECTED from src/main/AndroidManifest.xml
		INJECTED from src/main/AndroidManifest.xml
	android:minSdkVersion
		ADDED from src/main/AndroidManifest.xml:8:9-35
		INJECTED from src/main/AndroidManifest.xml
		INJECTED from src/main/AndroidManifest.xml
uses-permission#android.permission.INTERNET
ADDED from src/main/AndroidManifest.xml:11:5-67
	android:name
		ADDED from src/main/AndroidManifest.xml:11:22-64
uses-permission#android.permission.ACCESS_NETWORK_STATE
ADDED from src/main/AndroidManifest.xml:12:5-79
	android:name
		ADDED from src/main/AndroidManifest.xml:12:22-76
uses-permission#android.permission.ACCESS_WIFI_STATE
ADDED from src/main/AndroidManifest.xml:13:5-76
	android:name
		ADDED from src/main/AndroidManifest.xml:13:22-73
uses-permission#android.permission.ACCESS_DOWNLOAD_MANAGER
ADDED from src/main/AndroidManifest.xml:14:5-82
	android:name
		ADDED from src/main/AndroidManifest.xml:14:22-79
uses-permission#android.permission.DOWNLOAD_WITHOUT_NOTIFICATION
ADDED from src/main/AndroidManifest.xml:15:5-88
	android:name
		ADDED from src/main/AndroidManifest.xml:15:22-85
uses-permission#android.permission.WRITE_EXTERNAL_STORAGE
ADDED from src/main/AndroidManifest.xml:16:5-81
	android:name
		ADDED from src/main/AndroidManifest.xml:16:22-78
uses-permission#android.permission.MOUNT_UNMOUNT_FILESYSTEMS
ADDED from src/main/AndroidManifest.xml:17:5-84
	android:name
		ADDED from src/main/AndroidManifest.xml:17:22-81
uses-permission#android.permission.GET_PACKAGE_SIZE
ADDED from src/main/AndroidManifest.xml:18:5-75
	android:name
		ADDED from src/main/AndroidManifest.xml:18:22-72
uses-permission#android.permission.GET_TASKS
ADDED from src/main/AndroidManifest.xml:19:5-68
	android:name
		ADDED from src/main/AndroidManifest.xml:19:22-65
uses-permission#android.permission.READ_LOGS
ADDED from src/main/AndroidManifest.xml:20:5-68
	android:name
		ADDED from src/main/AndroidManifest.xml:20:22-65
uses-permission#android.permission.READ_PHONE_STATE
ADDED from src/main/AndroidManifest.xml:21:5-75
	android:name
		ADDED from src/main/AndroidManifest.xml:21:22-72
uses-permission#android.permission.SYSTEM_ALERT_WINDOW
ADDED from src/main/AndroidManifest.xml:22:5-78
	android:name
		ADDED from src/main/AndroidManifest.xml:22:22-75
uses-permission#android.permission.WAKE_LOCK
ADDED from src/main/AndroidManifest.xml:23:5-68
	android:name
		ADDED from src/main/AndroidManifest.xml:23:22-65
uses-permission#android.permission.VIBRATE
ADDED from src/main/AndroidManifest.xml:24:5-66
	android:name
		ADDED from src/main/AndroidManifest.xml:24:22-63
uses-permission#android.permission.RECEIVE_BOOT_COMPLETED
ADDED from src/main/AndroidManifest.xml:25:5-81
	android:name
		ADDED from src/main/AndroidManifest.xml:25:22-78
uses-permission#android.permission.RECEIVE_USER_PRESENT
ADDED from src/main/AndroidManifest.xml:26:5-79
	android:name
		ADDED from src/main/AndroidManifest.xml:26:22-76
uses-permission#android.permission.KILL_BACKGROUND_PROCESSES
ADDED from src/main/AndroidManifest.xml:27:5-84
	android:name
		ADDED from src/main/AndroidManifest.xml:27:22-81
uses-permission#android.permission.CLEAR_APP_CACHE
ADDED from src/main/AndroidManifest.xml:28:5-74
	android:name
		ADDED from src/main/AndroidManifest.xml:28:22-71
supports-screens
ADDED from src/main/AndroidManifest.xml:33:5-38:40
	android:largeScreens
		ADDED from src/main/AndroidManifest.xml:35:9-36
	android:anyDensity
		ADDED from src/main/AndroidManifest.xml:34:9-34
	android:normalScreens
		ADDED from src/main/AndroidManifest.xml:36:9-37
	android:xlargeScreens
		ADDED from src/main/AndroidManifest.xml:38:9-37
	android:smallScreens
		ADDED from src/main/AndroidManifest.xml:37:9-36
application
ADDED from src/main/AndroidManifest.xml:41:5-308:19
	android:screenOrientation
		ADDED from src/main/AndroidManifest.xml:46:9-46
	android:label
		ADDED from src/main/AndroidManifest.xml:45:9-41
	android:allowBackup
		ADDED from src/main/AndroidManifest.xml:43:9-35
	android:icon
		ADDED from src/main/AndroidManifest.xml:44:9-45
	android:name
		ADDED from src/main/AndroidManifest.xml:42:9-38
activity#com.boxmate.tv.LauncherActivity
ADDED from src/main/AndroidManifest.xml:47:9-71:20
	android:screenOrientation
		ADDED from src/main/AndroidManifest.xml:49:13-50
	android:theme
		ADDED from src/main/AndroidManifest.xml:50:13-71
	android:name
		ADDED from src/main/AndroidManifest.xml:48:13-59
intent-filter#android.intent.action.MAIN+android.intent.category.LAUNCHER
ADDED from src/main/AndroidManifest.xml:51:13-55:29
action#android.intent.action.MAIN
ADDED from src/main/AndroidManifest.xml:52:17-69
	android:name
		ADDED from src/main/AndroidManifest.xml:52:25-66
category#android.intent.category.LAUNCHER
ADDED from src/main/AndroidManifest.xml:54:17-77
	android:name
		ADDED from src/main/AndroidManifest.xml:54:27-74
intent-filter#android.intent.action.VIEW+android.intent.category.DEFAULT
ADDED from src/main/AndroidManifest.xml:56:13-62:29
action#android.intent.action.VIEW
ADDED from src/main/AndroidManifest.xml:57:17-69
	android:name
		ADDED from src/main/AndroidManifest.xml:57:25-66
category#android.intent.category.DEFAULT
ADDED from src/main/AndroidManifest.xml:59:17-76
	android:name
		ADDED from src/main/AndroidManifest.xml:59:27-73
data
ADDED from src/main/AndroidManifest.xml:61:17-57
	android:scheme
		ADDED from src/main/AndroidManifest.xml:61:23-54
intent-filter#android.intent.action.VIEW+android.intent.category.BROWSABLE+android.intent.category.DEFAULT
ADDED from src/main/AndroidManifest.xml:63:13-70:29
category#android.intent.category.BROWSABLE
ADDED from src/main/AndroidManifest.xml:67:17-78
	android:name
		ADDED from src/main/AndroidManifest.xml:67:27-75
activity#com.boxmate.tv.ui.MainActivity
ADDED from src/main/AndroidManifest.xml:72:9-78:20
	android:screenOrientation
		ADDED from src/main/AndroidManifest.xml:76:13-50
	android:label
		ADDED from src/main/AndroidManifest.xml:74:13-45
	android:theme
		ADDED from src/main/AndroidManifest.xml:77:13-71
	android:name
		ADDED from src/main/AndroidManifest.xml:73:13-58
	android:launchMode
		ADDED from src/main/AndroidManifest.xml:75:13-44
activity#com.boxmate.tv.ui.tool.ToolsFlush
ADDED from src/main/AndroidManifest.xml:79:9-84:20
	android:screenOrientation
		ADDED from src/main/AndroidManifest.xml:82:13-50
	android:label
		ADDED from src/main/AndroidManifest.xml:81:13-63
	android:theme
		ADDED from src/main/AndroidManifest.xml:83:13-47
	android:name
		ADDED from src/main/AndroidManifest.xml:80:13-61
activity#com.boxmate.tv.ui.manage.UninstallActivity
ADDED from src/main/AndroidManifest.xml:85:9-95:20
	android:screenOrientation
		ADDED from src/main/AndroidManifest.xml:88:13-50
	android:label
		ADDED from src/main/AndroidManifest.xml:87:13-65
	android:theme
		ADDED from src/main/AndroidManifest.xml:89:13-71
	android:name
		ADDED from src/main/AndroidManifest.xml:86:13-70
intent-filter#android.intent.category.DEFAULT+com.boxmate.tv.uninstall
ADDED from src/main/AndroidManifest.xml:90:13-94:29
action#com.boxmate.tv.uninstall
ADDED from src/main/AndroidManifest.xml:91:17-67
	android:name
		ADDED from src/main/AndroidManifest.xml:91:25-64
activity#com.boxmate.tv.ui.manage.SettingActivity
ADDED from src/main/AndroidManifest.xml:96:9-101:20
	android:screenOrientation
		ADDED from src/main/AndroidManifest.xml:99:13-50
	android:label
		ADDED from src/main/AndroidManifest.xml:98:13-59
	android:theme
		ADDED from src/main/AndroidManifest.xml:100:13-47
	android:name
		ADDED from src/main/AndroidManifest.xml:97:13-68
activity#com.boxmate.tv.ui.AppListActivity
ADDED from src/main/AndroidManifest.xml:102:9-107:20
	android:screenOrientation
		ADDED from src/main/AndroidManifest.xml:105:13-50
	android:label
		ADDED from src/main/AndroidManifest.xml:104:13-60
	android:theme
		ADDED from src/main/AndroidManifest.xml:106:13-71
	android:name
		ADDED from src/main/AndroidManifest.xml:103:13-61
activity#com.boxmate.tv.ui.AppDetail
ADDED from src/main/AndroidManifest.xml:108:9-113:20
	android:screenOrientation
		ADDED from src/main/AndroidManifest.xml:111:13-50
	android:label
		ADDED from src/main/AndroidManifest.xml:110:13-62
	android:theme
		ADDED from src/main/AndroidManifest.xml:112:13-47
	android:name
		ADDED from src/main/AndroidManifest.xml:109:13-55
activity#com.boxmate.tv.ui.AppDetailDescActivity
ADDED from src/main/AndroidManifest.xml:114:9-119:20
	android:screenOrientation
		ADDED from src/main/AndroidManifest.xml:117:13-50
	android:label
		ADDED from src/main/AndroidManifest.xml:116:13-62
	android:theme
		ADDED from src/main/AndroidManifest.xml:118:13-56
	android:name
		ADDED from src/main/AndroidManifest.xml:115:13-67
activity#com.boxmate.tv.ui.AppDownloadingActivity
ADDED from src/main/AndroidManifest.xml:120:9-125:20
	android:screenOrientation
		ADDED from src/main/AndroidManifest.xml:123:13-50
	android:label
		ADDED from src/main/AndroidManifest.xml:122:13-67
	android:theme
		ADDED from src/main/AndroidManifest.xml:124:13-71
	android:name
		ADDED from src/main/AndroidManifest.xml:121:13-68
activity#com.boxmate.tv.ui.home.DownloadListActivity
ADDED from src/main/AndroidManifest.xml:126:9-131:20
	android:screenOrientation
		ADDED from src/main/AndroidManifest.xml:129:13-50
	android:label
		ADDED from src/main/AndroidManifest.xml:128:13-65
	android:theme
		ADDED from src/main/AndroidManifest.xml:130:13-71
	android:name
		ADDED from src/main/AndroidManifest.xml:127:13-71
activity#com.boxmate.tv.ui.manage.AppUpdateActivity
ADDED from src/main/AndroidManifest.xml:132:9-137:20
	android:screenOrientation
		ADDED from src/main/AndroidManifest.xml:135:13-50
	android:label
		ADDED from src/main/AndroidManifest.xml:134:13-62
	android:theme
		ADDED from src/main/AndroidManifest.xml:136:13-71
	android:name
		ADDED from src/main/AndroidManifest.xml:133:13-70
activity#com.boxmate.tv.ui.home.SearchActivity
ADDED from src/main/AndroidManifest.xml:138:9-143:20
	android:screenOrientation
		ADDED from src/main/AndroidManifest.xml:141:13-50
	android:label
		ADDED from src/main/AndroidManifest.xml:140:13-58
	android:theme
		ADDED from src/main/AndroidManifest.xml:142:13-47
	android:name
		ADDED from src/main/AndroidManifest.xml:139:13-65
activity#com.boxmate.tv.ui.manage.VersionUpdateActivity
ADDED from src/main/AndroidManifest.xml:144:9-149:20
	android:screenOrientation
		ADDED from src/main/AndroidManifest.xml:147:13-50
	android:label
		ADDED from src/main/AndroidManifest.xml:146:13-66
	android:theme
		ADDED from src/main/AndroidManifest.xml:148:13-47
	android:name
		ADDED from src/main/AndroidManifest.xml:145:13-74
activity#com.boxmate.tv.ui.manage.AboutActivity
ADDED from src/main/AndroidManifest.xml:150:9-155:20
	android:screenOrientation
		ADDED from src/main/AndroidManifest.xml:153:13-50
	android:label
		ADDED from src/main/AndroidManifest.xml:152:13-57
	android:theme
		ADDED from src/main/AndroidManifest.xml:154:13-47
	android:name
		ADDED from src/main/AndroidManifest.xml:151:13-66
activity#com.boxmate.tv.ui.ControlActivity
ADDED from src/main/AndroidManifest.xml:156:9-161:20
	android:screenOrientation
		ADDED from src/main/AndroidManifest.xml:159:13-50
	android:label
		ADDED from src/main/AndroidManifest.xml:158:13-59
	android:theme
		ADDED from src/main/AndroidManifest.xml:160:13-47
	android:name
		ADDED from src/main/AndroidManifest.xml:157:13-61
activity#com.boxmate.tv.ui.MoreCatActivity
ADDED from src/main/AndroidManifest.xml:162:9-167:20
	android:screenOrientation
		ADDED from src/main/AndroidManifest.xml:165:13-50
	android:label
		ADDED from src/main/AndroidManifest.xml:164:13-60
	android:theme
		ADDED from src/main/AndroidManifest.xml:166:13-47
	android:name
		ADDED from src/main/AndroidManifest.xml:163:13-61
activity#com.boxmate.tv.ui.ImageBrowserActivity
ADDED from src/main/AndroidManifest.xml:168:9-173:20
	android:screenOrientation
		ADDED from src/main/AndroidManifest.xml:171:13-50
	android:label
		ADDED from src/main/AndroidManifest.xml:170:13-65
	android:theme
		ADDED from src/main/AndroidManifest.xml:172:13-47
	android:name
		ADDED from src/main/AndroidManifest.xml:169:13-66
activity#com.boxmate.tv.ui.tool.ToolsSystem
ADDED from src/main/AndroidManifest.xml:174:9-179:20
	android:screenOrientation
		ADDED from src/main/AndroidManifest.xml:177:13-50
	android:label
		ADDED from src/main/AndroidManifest.xml:176:13-64
	android:theme
		ADDED from src/main/AndroidManifest.xml:178:13-47
	android:name
		ADDED from src/main/AndroidManifest.xml:175:13-62
activity#com.boxmate.tv.ui.tool.ToolsSpeed
ADDED from src/main/AndroidManifest.xml:180:9-185:20
	android:screenOrientation
		ADDED from src/main/AndroidManifest.xml:183:13-50
	android:label
		ADDED from src/main/AndroidManifest.xml:182:13-63
	android:theme
		ADDED from src/main/AndroidManifest.xml:184:13-47
	android:name
		ADDED from src/main/AndroidManifest.xml:181:13-61
activity#com.boxmate.tv.ui.tool.ToolsRemote
ADDED from src/main/AndroidManifest.xml:186:9-191:20
	android:screenOrientation
		ADDED from src/main/AndroidManifest.xml:189:13-50
	android:label
		ADDED from src/main/AndroidManifest.xml:188:13-64
	android:theme
		ADDED from src/main/AndroidManifest.xml:190:13-47
	android:name
		ADDED from src/main/AndroidManifest.xml:187:13-62
activity#com.boxmate.tv.ui.tool.ToolsApkManage
ADDED from src/main/AndroidManifest.xml:192:9-197:20
	android:screenOrientation
		ADDED from src/main/AndroidManifest.xml:195:13-50
	android:label
		ADDED from src/main/AndroidManifest.xml:194:13-61
	android:theme
		ADDED from src/main/AndroidManifest.xml:196:13-47
	android:name
		ADDED from src/main/AndroidManifest.xml:193:13-65
activity#com.boxmate.tv.ui.tool.ToolsBigFileManage
ADDED from src/main/AndroidManifest.xml:198:9-203:20
	android:screenOrientation
		ADDED from src/main/AndroidManifest.xml:201:13-50
	android:label
		ADDED from src/main/AndroidManifest.xml:200:13-65
	android:theme
		ADDED from src/main/AndroidManifest.xml:202:13-47
	android:name
		ADDED from src/main/AndroidManifest.xml:199:13-69
activity#com.boxmate.tv.ui.tool.ToolsVideoSpeed
ADDED from src/main/AndroidManifest.xml:204:9-209:20
	android:screenOrientation
		ADDED from src/main/AndroidManifest.xml:207:13-50
	android:label
		ADDED from src/main/AndroidManifest.xml:206:13-63
	android:theme
		ADDED from src/main/AndroidManifest.xml:208:13-47
	android:name
		ADDED from src/main/AndroidManifest.xml:205:13-66
activity#com.boxmate.tv.ui.tool.ToolsGabageClear
ADDED from src/main/AndroidManifest.xml:210:9-220:20
	android:screenOrientation
		ADDED from src/main/AndroidManifest.xml:213:13-50
	android:label
		ADDED from src/main/AndroidManifest.xml:212:13-60
	android:theme
		ADDED from src/main/AndroidManifest.xml:214:13-47
	android:name
		ADDED from src/main/AndroidManifest.xml:211:13-67
intent-filter#android.intent.category.DEFAULT+com.boxmate.tv.gabage_clear
ADDED from src/main/AndroidManifest.xml:215:13-219:29
action#com.boxmate.tv.gabage_clear
ADDED from src/main/AndroidManifest.xml:216:17-70
	android:name
		ADDED from src/main/AndroidManifest.xml:216:25-67
activity#com.boxmate.tv.ui.home.ThemeListActivity
ADDED from src/main/AndroidManifest.xml:221:9-226:20
	android:screenOrientation
		ADDED from src/main/AndroidManifest.xml:224:13-50
	android:label
		ADDED from src/main/AndroidManifest.xml:223:13-62
	android:theme
		ADDED from src/main/AndroidManifest.xml:225:13-71
	android:name
		ADDED from src/main/AndroidManifest.xml:222:13-68
activity#com.boxmate.tv.ui.home.ThemeDetailAcitivity
ADDED from src/main/AndroidManifest.xml:227:9-232:20
	android:screenOrientation
		ADDED from src/main/AndroidManifest.xml:230:13-50
	android:label
		ADDED from src/main/AndroidManifest.xml:229:13-64
	android:theme
		ADDED from src/main/AndroidManifest.xml:231:13-71
	android:name
		ADDED from src/main/AndroidManifest.xml:228:13-71
activity#com.boxmate.tv.ui.home.InstallListActivity
ADDED from src/main/AndroidManifest.xml:233:9-238:20
	android:screenOrientation
		ADDED from src/main/AndroidManifest.xml:236:13-50
	android:label
		ADDED from src/main/AndroidManifest.xml:235:13-64
	android:theme
		ADDED from src/main/AndroidManifest.xml:237:13-47
	android:name
		ADDED from src/main/AndroidManifest.xml:234:13-70
activity#com.boxmate.tv.ui.PushListActivity
ADDED from src/main/AndroidManifest.xml:239:9-244:20
	android:screenOrientation
		ADDED from src/main/AndroidManifest.xml:242:13-50
	android:label
		ADDED from src/main/AndroidManifest.xml:241:13-61
	android:theme
		ADDED from src/main/AndroidManifest.xml:243:13-52
	android:name
		ADDED from src/main/AndroidManifest.xml:240:13-62
activity#com.boxmate.tv.ui.DeleteOldVersionActivity
ADDED from src/main/AndroidManifest.xml:245:9-250:20
	android:screenOrientation
		ADDED from src/main/AndroidManifest.xml:248:13-50
	android:label
		ADDED from src/main/AndroidManifest.xml:247:13-62
	android:theme
		ADDED from src/main/AndroidManifest.xml:249:13-52
	android:name
		ADDED from src/main/AndroidManifest.xml:246:13-70
activity#com.boxmate.tv.ui.home.BoardActivity
ADDED from src/main/AndroidManifest.xml:251:9-256:20
	android:screenOrientation
		ADDED from src/main/AndroidManifest.xml:254:13-50
	android:label
		ADDED from src/main/AndroidManifest.xml:253:13-57
	android:theme
		ADDED from src/main/AndroidManifest.xml:255:13-52
	android:name
		ADDED from src/main/AndroidManifest.xml:252:13-64
service#com.boxmate.tv.background.SecurityService
ADDED from src/main/AndroidManifest.xml:258:9-259:19
	android:name
		ADDED from src/main/AndroidManifest.xml:258:18-74
service#com.boxmate.tv.background.UpdateCheckService
ADDED from src/main/AndroidManifest.xml:260:3-263:19
	android:process
		ADDED from src/main/AndroidManifest.xml:262:13-52
	android:name
		ADDED from src/main/AndroidManifest.xml:261:13-72
receiver#com.boxmate.tv.background.AppInstalledReceiver
ADDED from src/main/AndroidManifest.xml:265:9-272:20
	android:name
		ADDED from src/main/AndroidManifest.xml:265:19-80
intent-filter#android.intent.action.PACKAGE_ADDED+android.intent.action.PACKAGE_REMOVED
ADDED from src/main/AndroidManifest.xml:266:13-271:29
action#android.intent.action.PACKAGE_ADDED
ADDED from src/main/AndroidManifest.xml:267:17-78
	android:name
		ADDED from src/main/AndroidManifest.xml:267:25-75
action#android.intent.action.PACKAGE_REMOVED
ADDED from src/main/AndroidManifest.xml:268:17-80
	android:name
		ADDED from src/main/AndroidManifest.xml:268:25-77
receiver#com.boxmate.tv.background.BootReceiver
ADDED from src/main/AndroidManifest.xml:285:9-292:20
	android:process
		ADDED from src/main/AndroidManifest.xml:287:13-52
	android:name
		ADDED from src/main/AndroidManifest.xml:286:13-66
intent-filter#android.intent.action.BOOT_COMPLETED+android.intent.action.USER_PRESENT
ADDED from src/main/AndroidManifest.xml:288:13-291:29
action#android.intent.action.BOOT_COMPLETED
ADDED from src/main/AndroidManifest.xml:289:17-79
	android:name
		ADDED from src/main/AndroidManifest.xml:289:25-76
action#android.intent.action.USER_PRESENT
ADDED from src/main/AndroidManifest.xml:290:17-77
	android:name
		ADDED from src/main/AndroidManifest.xml:290:25-74
receiver#com.boxmate.tv.background.WifiReceiver
ADDED from src/main/AndroidManifest.xml:293:9-299:20
	android:name
		ADDED from src/main/AndroidManifest.xml:293:19-72
intent-filter#android.net.conn.CONNECTIVITY_CHANGE+android.net.wifi.STATE_CHANGE+android.net.wifi.WIFI_STATE_CHANGED
ADDED from src/main/AndroidManifest.xml:294:13-298:29
action#android.net.conn.CONNECTIVITY_CHANGE
ADDED from src/main/AndroidManifest.xml:295:17-79
	android:name
		ADDED from src/main/AndroidManifest.xml:295:25-76
action#android.net.wifi.WIFI_STATE_CHANGED
ADDED from src/main/AndroidManifest.xml:296:17-78
	android:name
		ADDED from src/main/AndroidManifest.xml:296:25-75
action#android.net.wifi.STATE_CHANGE
ADDED from src/main/AndroidManifest.xml:297:17-72
	android:name
		ADDED from src/main/AndroidManifest.xml:297:25-69
meta-data#UMENG_APPKEY
ADDED from src/main/AndroidManifest.xml:301:9-304:21
	android:name
		ADDED from src/main/AndroidManifest.xml:302:13-40
	android:value
		ADDED from src/main/AndroidManifest.xml:303:13-53
meta-data#UMENG_CHANNEL
ADDED from src/main/AndroidManifest.xml:305:9-307:38
	android:name
		ADDED from src/main/AndroidManifest.xml:306:13-41
	android:value
		ADDED from src/main/AndroidManifest.xml:307:13-35